[ 2018-08-20T20:09:16+08:00 ] ::1 /odcrm/
INFO: [ app_init ] --START--
INFO: Run Behavior\BuildLiteBehavior [ RunTime:0.000011s ]
INFO: [ app_init ] --END-- [ RunTime:0.002085s ]
INFO: [ app_begin ] --START--
INFO: Run Behavior\ReadHtmlCacheBehavior [ RunTime:0.000706s ]
INFO: [ app_begin ] --END-- [ RunTime:0.000744s ]

[ 2018-08-20T20:09:16+08:00 ] ::1 /odcrm/index.php/Login/login.html
INFO: [ app_init ] --START--
INFO: Run Behavior\BuildLiteBehavior [ RunTime:0.000007s ]
INFO: [ app_init ] --END-- [ RunTime:0.000378s ]
INFO: [ app_begin ] --START--
INFO: Run Behavior\ReadHtmlCacheBehavior [ RunTime:0.000425s ]
INFO: [ app_begin ] --END-- [ RunTime:0.000459s ]
INFO: [ view_parse ] --START--
INFO: [ template_filter ] --START--
INFO: Run Behavior\ContentReplaceBehavior [ RunTime:0.000986s ]
INFO: [ template_filter ] --END-- [ RunTime:0.001022s ]
INFO: Run Behavior\ParseTemplateBehavior [ RunTime:0.008945s ]
INFO: [ view_parse ] --END-- [ RunTime:0.008984s ]
INFO: [ view_filter ] --START--
INFO: Run Behavior\WriteHtmlCacheBehavior [ RunTime:0.000651s ]
INFO: [ view_filter ] --END-- [ RunTime:0.000676s ]
INFO: [ app_end ] --START--
INFO: Run Behavior\ShowPageTraceBehavior [ RunTime:0.000988s ]
INFO: [ app_end ] --END-- [ RunTime:0.001015s ]

[ 2018-08-20T20:09:17+08:00 ] ::1 /odcrm/index.php/Login/login
INFO: [ app_init ] --START--
INFO: Run Behavior\BuildLiteBehavior [ RunTime:0.000008s ]
INFO: [ app_init ] --END-- [ RunTime:0.000296s ]
INFO: [ app_begin ] --START--
INFO: Run Behavior\ReadHtmlCacheBehavior [ RunTime:0.000435s ]
INFO: [ app_begin ] --END-- [ RunTime:0.000469s ]
SQL: SHOW COLUMNS FROM `user` [ RunTime:0.0052s ]
SQL: SELECT * FROM `user` WHERE `password` = '0e679c11a2185649fad89a80be7bbc57' AND `login` = 'admin'  [ RunTime:0.0049s ]

[ 2018-08-20T20:09:17+08:00 ] ::1 /odcrm/index.php/Index/index.html
INFO: [ app_init ] --START--
INFO: Run Behavior\BuildLiteBehavior [ RunTime:0.000009s ]
INFO: [ app_init ] --END-- [ RunTime:0.000337s ]
INFO: [ app_begin ] --START--
INFO: Run Behavior\ReadHtmlCacheBehavior [ RunTime:0.000372s ]
INFO: [ app_begin ] --END-- [ RunTime:0.000405s ]
SQL: SHOW COLUMNS FROM `auth_group_access` [ RunTime:0.0048s ]
SQL: SELECT `uid`,`group_id`,`title`,`rules` FROM auth_group_access a INNER JOIN auth_group g on a.group_id=g.id  WHERE ( a.uid='1' and g.status='1' )  [ RunTime:0.0050s ]
SQL: SHOW COLUMNS FROM `auth_rule` [ RunTime:0.0055s ]
SQL: SELECT `condition`,`name` FROM `auth_rule` WHERE `id` IN ('1','15','46','47','48','49','50','2','11','12','13','14','3','16','17','18','4','19','20','21','5','22','23','24','25','26','27','28','29','30','31','32','6','33','34','7','35','8','36','37','38','39','53','54','9','40','41','42','43','44','45','10','51','52') AND `type` = 1 AND `status` = 1  [ RunTime:0.0057s ]
SQL: SHOW COLUMNS FROM `auth_rule` [ RunTime:0.0053s ]
SQL: SELECT * FROM `auth_rule`  [ RunTime:0.0051s ]
NOTIC: [8] Undefined index: name D:\AppServ\www\www\odcrm\Application\Home\Controller\IndexController.class.php 第 10 行.
INFO: [ view_parse ] --START--
INFO: [ template_filter ] --START--
INFO: Run Behavior\ContentReplaceBehavior [ RunTime:0.000051s ]
INFO: [ template_filter ] --END-- [ RunTime:0.000080s ]
INFO: Run Behavior\ParseTemplateBehavior [ RunTime:0.009444s ]
INFO: [ view_parse ] --END-- [ RunTime:0.009488s ]
INFO: [ view_filter ] --START--
INFO: Run Behavior\WriteHtmlCacheBehavior [ RunTime:0.000736s ]
INFO: [ view_filter ] --END-- [ RunTime:0.000780s ]
INFO: [ app_end ] --START--
INFO: Run Behavior\ShowPageTraceBehavior [ RunTime:0.000731s ]
INFO: [ app_end ] --END-- [ RunTime:0.000776s ]

[ 2018-08-20T20:12:02+08:00 ] ::1 /odcrm/index.php/Index/index.html
INFO: [ app_init ] --START--
INFO: Run Behavior\BuildLiteBehavior [ RunTime:0.000009s ]
INFO: [ app_init ] --END-- [ RunTime:0.000432s ]
INFO: [ app_begin ] --START--
INFO: Run Behavior\ReadHtmlCacheBehavior [ RunTime:0.000565s ]
INFO: [ app_begin ] --END-- [ RunTime:0.000599s ]
SQL: SHOW COLUMNS FROM `auth_group_access` [ RunTime:0.0055s ]
SQL: SELECT `uid`,`group_id`,`title`,`rules` FROM auth_group_access a INNER JOIN auth_group g on a.group_id=g.id  WHERE ( a.uid='1' and g.status='1' )  [ RunTime:0.0053s ]
SQL: SHOW COLUMNS FROM `auth_rule` [ RunTime:0.0054s ]
SQL: SELECT `condition`,`name` FROM `auth_rule` WHERE `id` IN ('1','15','46','47','48','49','50','2','11','12','13','14','3','16','17','18','4','19','20','21','5','22','23','24','25','26','27','28','29','30','31','32','6','33','34','7','35','8','36','37','38','39','53','54','9','40','41','42','43','44','45','10','51','52') AND `type` = 1 AND `status` = 1  [ RunTime:0.0052s ]
SQL: SHOW COLUMNS FROM `auth_rule` [ RunTime:0.0052s ]
SQL: SELECT * FROM `auth_rule`  [ RunTime:0.0054s ]
NOTIC: [8] Undefined index: name D:\AppServ\www\www\odcrm\Application\Home\Controller\IndexController.class.php 第 10 行.
INFO: [ view_parse ] --START--
INFO: [ template_filter ] --START--
INFO: Run Behavior\ContentReplaceBehavior [ RunTime:0.000054s ]
INFO: [ template_filter ] --END-- [ RunTime:0.000083s ]
INFO: Run Behavior\ParseTemplateBehavior [ RunTime:0.006403s ]
INFO: [ view_parse ] --END-- [ RunTime:0.006438s ]
INFO: [ view_filter ] --START--
INFO: Run Behavior\WriteHtmlCacheBehavior [ RunTime:0.000564s ]
INFO: [ view_filter ] --END-- [ RunTime:0.000588s ]
INFO: [ app_end ] --START--
INFO: Run Behavior\ShowPageTraceBehavior [ RunTime:0.000819s ]
INFO: [ app_end ] --END-- [ RunTime:0.000848s ]

[ 2018-08-20T20:12:14+08:00 ] ::1 /odcrm/index.php/Index/index.html
INFO: [ app_init ] --START--
INFO: Run Behavior\BuildLiteBehavior [ RunTime:0.000009s ]
INFO: [ app_init ] --END-- [ RunTime:0.000327s ]
INFO: [ app_begin ] --START--
INFO: Run Behavior\ReadHtmlCacheBehavior [ RunTime:0.000441s ]
INFO: [ app_begin ] --END-- [ RunTime:0.000475s ]
SQL: SHOW COLUMNS FROM `auth_group_access` [ RunTime:0.0058s ]
SQL: SELECT `uid`,`group_id`,`title`,`rules` FROM auth_group_access a INNER JOIN auth_group g on a.group_id=g.id  WHERE ( a.uid='1' and g.status='1' )  [ RunTime:0.0048s ]
SQL: SHOW COLUMNS FROM `auth_rule` [ RunTime:0.0048s ]
SQL: SELECT `condition`,`name` FROM `auth_rule` WHERE `id` IN ('1','15','46','47','48','49','50','2','11','12','13','14','3','16','17','18','4','19','20','21','5','22','23','24','25','26','27','28','29','30','31','32','6','33','34','7','35','8','36','37','38','39','53','54','9','40','41','42','43','44','45','10','51','52') AND `type` = 1 AND `status` = 1  [ RunTime:0.0044s ]
SQL: SHOW COLUMNS FROM `auth_rule` [ RunTime:0.0050s ]
SQL: SELECT * FROM `auth_rule`  [ RunTime:0.0052s ]
NOTIC: [8] Undefined index: name D:\AppServ\www\www\odcrm\Application\Home\Controller\IndexController.class.php 第 10 行.
INFO: [ view_parse ] --START--
INFO: [ template_filter ] --START--
INFO: Run Behavior\ContentReplaceBehavior [ RunTime:0.000052s ]
INFO: [ template_filter ] --END-- [ RunTime:0.000082s ]
INFO: Run Behavior\ParseTemplateBehavior [ RunTime:0.005642s ]
INFO: [ view_parse ] --END-- [ RunTime:0.005676s ]
INFO: [ view_filter ] --START--
INFO: Run Behavior\WriteHtmlCacheBehavior [ RunTime:0.000407s ]
INFO: [ view_filter ] --END-- [ RunTime:0.000432s ]
INFO: [ app_end ] --START--
INFO: Run Behavior\ShowPageTraceBehavior [ RunTime:0.000519s ]
INFO: [ app_end ] --END-- [ RunTime:0.000545s ]

[ 2018-08-20T20:12:39+08:00 ] ::1 /odcrm/index.php/Index/index.html
INFO: [ app_init ] --START--
INFO: Run Behavior\BuildLiteBehavior [ RunTime:0.000009s ]
INFO: [ app_init ] --END-- [ RunTime:0.000280s ]
INFO: [ app_begin ] --START--
INFO: Run Behavior\ReadHtmlCacheBehavior [ RunTime:0.000384s ]
INFO: [ app_begin ] --END-- [ RunTime:0.000418s ]
SQL: SHOW COLUMNS FROM `auth_group_access` [ RunTime:0.0048s ]
SQL: SELECT `uid`,`group_id`,`title`,`rules` FROM auth_group_access a INNER JOIN auth_group g on a.group_id=g.id  WHERE ( a.uid='1' and g.status='1' )  [ RunTime:0.0055s ]
SQL: SHOW COLUMNS FROM `auth_rule` [ RunTime:0.0053s ]
SQL: SELECT `condition`,`name` FROM `auth_rule` WHERE `id` IN ('1','15','46','47','48','49','50','2','11','12','13','14','3','16','17','18','4','19','20','21','5','22','23','24','25','26','27','28','29','30','31','32','6','33','34','7','35','8','36','37','38','39','53','54','9','40','41','42','43','44','45','10','51','52') AND `type` = 1 AND `status` = 1  [ RunTime:0.0055s ]
SQL: SHOW COLUMNS FROM `auth_rule` [ RunTime:0.0048s ]
SQL: SELECT * FROM `auth_rule`  [ RunTime:0.0051s ]
NOTIC: [8] Undefined index: name D:\AppServ\www\www\odcrm\Application\Home\Controller\IndexController.class.php 第 10 行.
INFO: [ view_parse ] --START--
INFO: [ template_filter ] --START--
INFO: Run Behavior\ContentReplaceBehavior [ RunTime:0.000050s ]
INFO: [ template_filter ] --END-- [ RunTime:0.000080s ]
INFO: Run Behavior\ParseTemplateBehavior [ RunTime:0.006591s ]
INFO: [ view_parse ] --END-- [ RunTime:0.006622s ]
INFO: [ view_filter ] --START--
INFO: Run Behavior\WriteHtmlCacheBehavior [ RunTime:0.000378s ]
INFO: [ view_filter ] --END-- [ RunTime:0.000403s ]
INFO: [ app_end ] --START--
INFO: Run Behavior\ShowPageTraceBehavior [ RunTime:0.000508s ]
INFO: [ app_end ] --END-- [ RunTime:0.000532s ]

[ 2018-08-20T20:13:13+08:00 ] ::1 /odcrm/index.php/Index/index.html
INFO: [ app_init ] --START--
INFO: Run Behavior\BuildLiteBehavior [ RunTime:0.000009s ]
INFO: [ app_init ] --END-- [ RunTime:0.000445s ]
INFO: [ app_begin ] --START--
INFO: Run Behavior\ReadHtmlCacheBehavior [ RunTime:0.000506s ]
INFO: [ app_begin ] --END-- [ RunTime:0.000541s ]
SQL: SHOW COLUMNS FROM `auth_group_access` [ RunTime:0.0056s ]
SQL: SELECT `uid`,`group_id`,`title`,`rules` FROM auth_group_access a INNER JOIN auth_group g on a.group_id=g.id  WHERE ( a.uid='1' and g.status='1' )  [ RunTime:0.0049s ]
SQL: SHOW COLUMNS FROM `auth_rule` [ RunTime:0.0055s ]
SQL: SELECT `condition`,`name` FROM `auth_rule` WHERE `id` IN ('1','15','46','47','48','49','50','2','11','12','13','14','3','16','17','18','4','19','20','21','5','22','23','24','25','26','27','28','29','30','31','32','6','33','34','7','35','8','36','37','38','39','53','54','9','40','41','42','43','44','45','10','51','52') AND `type` = 1 AND `status` = 1  [ RunTime:0.0054s ]
SQL: SHOW COLUMNS FROM `auth_rule` [ RunTime:0.0056s ]
SQL: SELECT * FROM `auth_rule`  [ RunTime:0.0056s ]
NOTIC: [8] Undefined index: name D:\AppServ\www\www\odcrm\Application\Home\Controller\IndexController.class.php 第 10 行.
INFO: [ view_parse ] --START--
INFO: [ template_filter ] --START--
INFO: Run Behavior\ContentReplaceBehavior [ RunTime:0.000086s ]
INFO: [ template_filter ] --END-- [ RunTime:0.000135s ]
INFO: Run Behavior\ParseTemplateBehavior [ RunTime:0.005787s ]
INFO: [ view_parse ] --END-- [ RunTime:0.005820s ]
INFO: [ view_filter ] --START--
INFO: Run Behavior\WriteHtmlCacheBehavior [ RunTime:0.000392s ]
INFO: [ view_filter ] --END-- [ RunTime:0.000416s ]
INFO: [ app_end ] --START--
INFO: Run Behavior\ShowPageTraceBehavior [ RunTime:0.000516s ]
INFO: [ app_end ] --END-- [ RunTime:0.000542s ]

[ 2018-08-20T20:13:46+08:00 ] ::1 /odcrm/index.php/Index/index.html
INFO: [ app_init ] --START--
INFO: Run Behavior\BuildLiteBehavior [ RunTime:0.000028s ]
INFO: [ app_init ] --END-- [ RunTime:0.000654s ]
INFO: [ app_begin ] --START--
INFO: Run Behavior\ReadHtmlCacheBehavior [ RunTime:0.000557s ]
INFO: [ app_begin ] --END-- [ RunTime:0.000608s ]
SQL: SHOW COLUMNS FROM `auth_group_access` [ RunTime:0.0052s ]
SQL: SELECT `uid`,`group_id`,`title`,`rules` FROM auth_group_access a INNER JOIN auth_group g on a.group_id=g.id  WHERE ( a.uid='1' and g.status='1' )  [ RunTime:0.0050s ]
SQL: SHOW COLUMNS FROM `auth_rule` [ RunTime:0.0055s ]
SQL: SELECT `condition`,`name` FROM `auth_rule` WHERE `id` IN ('1','15','46','47','48','49','50','2','11','12','13','14','3','16','17','18','4','19','20','21','5','22','23','24','25','26','27','28','29','30','31','32','6','33','34','7','35','8','36','37','38','39','53','54','9','40','41','42','43','44','45','10','51','52') AND `type` = 1 AND `status` = 1  [ RunTime:0.0051s ]
SQL: SHOW COLUMNS FROM `auth_rule` [ RunTime:0.0046s ]
SQL: SELECT * FROM `auth_rule`  [ RunTime:0.0053s ]
NOTIC: [8] Undefined index: name D:\AppServ\www\www\odcrm\Application\Home\Controller\IndexController.class.php 第 10 行.
INFO: [ view_parse ] --START--
INFO: [ template_filter ] --START--
INFO: Run Behavior\ContentReplaceBehavior [ RunTime:0.000055s ]
INFO: [ template_filter ] --END-- [ RunTime:0.000093s ]
INFO: Run Behavior\ParseTemplateBehavior [ RunTime:0.007216s ]
INFO: [ view_parse ] --END-- [ RunTime:0.007253s ]
INFO: [ view_filter ] --START--
INFO: Run Behavior\WriteHtmlCacheBehavior [ RunTime:0.000375s ]
INFO: [ view_filter ] --END-- [ RunTime:0.000400s ]
INFO: [ app_end ] --START--
INFO: Run Behavior\ShowPageTraceBehavior [ RunTime:0.000516s ]
INFO: [ app_end ] --END-- [ RunTime:0.000542s ]

[ 2018-08-20T20:15:48+08:00 ] ::1 /odcrm/index.php/Index/index.html
INFO: [ app_init ] --START--
INFO: Run Behavior\BuildLiteBehavior [ RunTime:0.000010s ]
INFO: [ app_init ] --END-- [ RunTime:0.000408s ]
INFO: [ app_begin ] --START--
INFO: Run Behavior\ReadHtmlCacheBehavior [ RunTime:0.000590s ]
INFO: [ app_begin ] --END-- [ RunTime:0.000625s ]
SQL: SHOW COLUMNS FROM `auth_group_access` [ RunTime:0.0058s ]
SQL: SELECT `uid`,`group_id`,`title`,`rules` FROM auth_group_access a INNER JOIN auth_group g on a.group_id=g.id  WHERE ( a.uid='1' and g.status='1' )  [ RunTime:0.0058s ]
SQL: SHOW COLUMNS FROM `auth_rule` [ RunTime:0.0053s ]
SQL: SELECT `condition`,`name` FROM `auth_rule` WHERE `id` IN ('1','15','46','47','48','49','50','2','11','12','13','14','3','16','17','18','4','19','20','21','5','22','23','24','25','26','27','28','29','30','31','32','6','33','34','7','35','8','36','37','38','39','53','54','9','40','41','42','43','44','45','10','51','52') AND `type` = 1 AND `status` = 1  [ RunTime:0.0057s ]
SQL: SHOW COLUMNS FROM `auth_rule` [ RunTime:0.0053s ]
SQL: SELECT * FROM `auth_rule`  [ RunTime:0.0056s ]
NOTIC: [8] Undefined index: name D:\AppServ\www\www\odcrm\Application\Home\Controller\IndexController.class.php 第 10 行.
INFO: [ view_parse ] --START--
INFO: [ template_filter ] --START--
INFO: Run Behavior\ContentReplaceBehavior [ RunTime:0.000076s ]
INFO: [ template_filter ] --END-- [ RunTime:0.000123s ]
INFO: Run Behavior\ParseTemplateBehavior [ RunTime:0.006028s ]
INFO: [ view_parse ] --END-- [ RunTime:0.006062s ]
INFO: [ view_filter ] --START--
INFO: Run Behavior\WriteHtmlCacheBehavior [ RunTime:0.000431s ]
INFO: [ view_filter ] --END-- [ RunTime:0.000456s ]
INFO: [ app_end ] --START--
INFO: Run Behavior\ShowPageTraceBehavior [ RunTime:0.000566s ]
INFO: [ app_end ] --END-- [ RunTime:0.000593s ]

[ 2018-08-20T20:16:49+08:00 ] ::1 /odcrm/index.php/Index/index.html
INFO: [ app_init ] --START--
INFO: Run Behavior\BuildLiteBehavior [ RunTime:0.000010s ]
INFO: [ app_init ] --END-- [ RunTime:0.000345s ]
INFO: [ app_begin ] --START--
INFO: Run Behavior\ReadHtmlCacheBehavior [ RunTime:0.000412s ]
INFO: [ app_begin ] --END-- [ RunTime:0.000446s ]
SQL: SHOW COLUMNS FROM `auth_group_access` [ RunTime:0.0053s ]
SQL: SELECT `uid`,`group_id`,`title`,`rules` FROM auth_group_access a INNER JOIN auth_group g on a.group_id=g.id  WHERE ( a.uid='1' and g.status='1' )  [ RunTime:0.0046s ]
SQL: SHOW COLUMNS FROM `auth_rule` [ RunTime:0.0052s ]
SQL: SELECT `condition`,`name` FROM `auth_rule` WHERE `id` IN ('1','15','46','47','48','49','50','2','11','12','13','14','3','16','17','18','4','19','20','21','5','22','23','24','25','26','27','28','29','30','31','32','6','33','34','7','35','8','36','37','38','39','53','54','9','40','41','42','43','44','45','10','51','52') AND `type` = 1 AND `status` = 1  [ RunTime:0.0046s ]
SQL: SHOW COLUMNS FROM `auth_rule` [ RunTime:0.0055s ]
SQL: SELECT * FROM `auth_rule`  [ RunTime:0.0054s ]
NOTIC: [8] Undefined index: name D:\AppServ\www\www\odcrm\Application\Home\Controller\IndexController.class.php 第 10 行.
INFO: [ view_parse ] --START--
INFO: [ template_filter ] --START--
INFO: Run Behavior\ContentReplaceBehavior [ RunTime:0.000050s ]
INFO: [ template_filter ] --END-- [ RunTime:0.000080s ]
INFO: Run Behavior\ParseTemplateBehavior [ RunTime:0.006079s ]
INFO: [ view_parse ] --END-- [ RunTime:0.006113s ]
INFO: [ view_filter ] --START--
INFO: Run Behavior\WriteHtmlCacheBehavior [ RunTime:0.000347s ]
INFO: [ view_filter ] --END-- [ RunTime:0.000372s ]
INFO: [ app_end ] --START--
INFO: Run Behavior\ShowPageTraceBehavior [ RunTime:0.000527s ]
INFO: [ app_end ] --END-- [ RunTime:0.000552s ]

[ 2018-08-20T20:19:25+08:00 ] ::1 /odcrm/index.php/Index/index.html
INFO: [ app_init ] --START--
INFO: Run Behavior\BuildLiteBehavior [ RunTime:0.000010s ]
INFO: [ app_init ] --END-- [ RunTime:0.000409s ]
INFO: [ app_begin ] --START--
INFO: Run Behavior\ReadHtmlCacheBehavior [ RunTime:0.000504s ]
INFO: [ app_begin ] --END-- [ RunTime:0.000538s ]
SQL: SHOW COLUMNS FROM `auth_group_access` [ RunTime:0.0063s ]
SQL: SELECT `uid`,`group_id`,`title`,`rules` FROM auth_group_access a INNER JOIN auth_group g on a.group_id=g.id  WHERE ( a.uid='1' and g.status='1' )  [ RunTime:0.0053s ]
SQL: SHOW COLUMNS FROM `auth_rule` [ RunTime:0.0062s ]
SQL: SELECT `condition`,`name` FROM `auth_rule` WHERE `id` IN ('1','15','46','47','48','49','50','2','11','12','13','14','3','16','17','18','4','19','20','21','5','22','23','24','25','26','27','28','29','30','31','32','6','33','34','7','35','8','36','37','38','39','53','54','9','40','41','42','43','44','45','10','51','52') AND `type` = 1 AND `status` = 1  [ RunTime:0.0057s ]
SQL: SHOW COLUMNS FROM `auth_rule` [ RunTime:0.0064s ]
SQL: SELECT * FROM `auth_rule`  [ RunTime:0.0058s ]
NOTIC: [8] Undefined index: name D:\AppServ\www\www\odcrm\Application\Home\Controller\IndexController.class.php 第 10 行.
INFO: [ view_parse ] --START--
INFO: [ template_filter ] --START--
INFO: Run Behavior\ContentReplaceBehavior [ RunTime:0.000052s ]
INFO: [ template_filter ] --END-- [ RunTime:0.000083s ]
INFO: Run Behavior\ParseTemplateBehavior [ RunTime:0.007118s ]
INFO: [ view_parse ] --END-- [ RunTime:0.007166s ]
INFO: [ view_filter ] --START--
INFO: Run Behavior\WriteHtmlCacheBehavior [ RunTime:0.000523s ]
INFO: [ view_filter ] --END-- [ RunTime:0.000564s ]
INFO: [ app_end ] --START--
INFO: Run Behavior\ShowPageTraceBehavior [ RunTime:0.000628s ]
INFO: [ app_end ] --END-- [ RunTime:0.000657s ]

[ 2018-08-20T20:22:59+08:00 ] ::1 /odcrm/index.php/Index/index.html
INFO: [ app_init ] --START--
INFO: Run Behavior\BuildLiteBehavior [ RunTime:0.000015s ]
INFO: [ app_init ] --END-- [ RunTime:0.000420s ]
INFO: [ app_begin ] --START--
INFO: Run Behavior\ReadHtmlCacheBehavior [ RunTime:0.000501s ]
INFO: [ app_begin ] --END-- [ RunTime:0.000536s ]
SQL: SHOW COLUMNS FROM `auth_group_access` [ RunTime:0.0052s ]
SQL: SELECT `uid`,`group_id`,`title`,`rules` FROM auth_group_access a INNER JOIN auth_group g on a.group_id=g.id  WHERE ( a.uid='1' and g.status='1' )  [ RunTime:0.0050s ]
SQL: SHOW COLUMNS FROM `auth_rule` [ RunTime:0.0054s ]
SQL: SELECT `condition`,`name` FROM `auth_rule` WHERE `id` IN ('1','15','46','47','48','49','50','2','11','12','13','14','3','16','17','18','4','19','20','21','5','22','23','24','25','26','27','28','29','30','31','32','6','33','34','7','35','8','36','37','38','39','53','54','9','40','41','42','43','44','45','10','51','52') AND `type` = 1 AND `status` = 1  [ RunTime:0.0056s ]
SQL: SHOW COLUMNS FROM `auth_rule` [ RunTime:0.0050s ]
SQL: SELECT * FROM `auth_rule`  [ RunTime:0.0057s ]
NOTIC: [8] Undefined index: name D:\AppServ\www\www\odcrm\Application\Home\Controller\IndexController.class.php 第 10 行.
INFO: [ view_parse ] --START--
INFO: [ template_filter ] --START--
INFO: Run Behavior\ContentReplaceBehavior [ RunTime:0.000067s ]
INFO: [ template_filter ] --END-- [ RunTime:0.000108s ]
INFO: Run Behavior\ParseTemplateBehavior [ RunTime:0.006302s ]
INFO: [ view_parse ] --END-- [ RunTime:0.006345s ]
INFO: [ view_filter ] --START--
INFO: Run Behavior\WriteHtmlCacheBehavior [ RunTime:0.000448s ]
INFO: [ view_filter ] --END-- [ RunTime:0.000472s ]
INFO: [ app_end ] --START--
INFO: Run Behavior\ShowPageTraceBehavior [ RunTime:0.000546s ]
INFO: [ app_end ] --END-- [ RunTime:0.000571s ]

[ 2018-08-20T20:23:16+08:00 ] ::1 /odcrm/index.php/Index/index.html
INFO: [ app_init ] --START--
INFO: Run Behavior\BuildLiteBehavior [ RunTime:0.000008s ]
INFO: [ app_init ] --END-- [ RunTime:0.000352s ]
INFO: [ app_begin ] --START--
INFO: Run Behavior\ReadHtmlCacheBehavior [ RunTime:0.000432s ]
INFO: [ app_begin ] --END-- [ RunTime:0.000486s ]
SQL: SHOW COLUMNS FROM `auth_group_access` [ RunTime:0.0058s ]
SQL: SELECT `uid`,`group_id`,`title`,`rules` FROM auth_group_access a INNER JOIN auth_group g on a.group_id=g.id  WHERE ( a.uid='1' and g.status='1' )  [ RunTime:0.0059s ]
SQL: SHOW COLUMNS FROM `auth_rule` [ RunTime:0.0058s ]
SQL: SELECT `condition`,`name` FROM `auth_rule` WHERE `id` IN ('1','15','46','47','48','49','50','2','11','12','13','14','3','16','17','18','4','19','20','21','5','22','23','24','25','26','27','28','29','30','31','32','6','33','34','7','35','8','36','37','38','39','53','54','9','40','41','42','43','44','45','10','51','52') AND `type` = 1 AND `status` = 1  [ RunTime:0.0054s ]
SQL: SHOW COLUMNS FROM `auth_rule` [ RunTime:0.0057s ]
SQL: SELECT * FROM `auth_rule`  [ RunTime:0.0059s ]
NOTIC: [8] Undefined index: name D:\AppServ\www\www\odcrm\Application\Home\Controller\IndexController.class.php 第 10 行.
INFO: [ view_parse ] --START--
INFO: [ template_filter ] --START--
INFO: Run Behavior\ContentReplaceBehavior [ RunTime:0.000054s ]
INFO: [ template_filter ] --END-- [ RunTime:0.000105s ]
INFO: Run Behavior\ParseTemplateBehavior [ RunTime:0.006491s ]
INFO: [ view_parse ] --END-- [ RunTime:0.006524s ]
INFO: [ view_filter ] --START--
INFO: Run Behavior\WriteHtmlCacheBehavior [ RunTime:0.000396s ]
INFO: [ view_filter ] --END-- [ RunTime:0.000420s ]
INFO: [ app_end ] --START--
INFO: Run Behavior\ShowPageTraceBehavior [ RunTime:0.000513s ]
INFO: [ app_end ] --END-- [ RunTime:0.000539s ]

[ 2018-08-20T20:24:55+08:00 ] ::1 /odcrm/index.php/Index/index.html
INFO: [ app_init ] --START--
INFO: Run Behavior\BuildLiteBehavior [ RunTime:0.000009s ]
INFO: [ app_init ] --END-- [ RunTime:0.000374s ]
INFO: [ app_begin ] --START--
INFO: Run Behavior\ReadHtmlCacheBehavior [ RunTime:0.000513s ]
INFO: [ app_begin ] --END-- [ RunTime:0.000550s ]
SQL: SHOW COLUMNS FROM `auth_group_access` [ RunTime:0.0057s ]
SQL: SELECT `uid`,`group_id`,`title`,`rules` FROM auth_group_access a INNER JOIN auth_group g on a.group_id=g.id  WHERE ( a.uid='1' and g.status='1' )  [ RunTime:0.0056s ]
SQL: SHOW COLUMNS FROM `auth_rule` [ RunTime:0.0055s ]
SQL: SELECT `condition`,`name` FROM `auth_rule` WHERE `id` IN ('1','15','46','47','48','49','50','2','11','12','13','14','3','16','17','18','4','19','20','21','5','22','23','24','25','26','27','28','29','30','31','32','6','33','34','7','35','8','36','37','38','39','53','54','9','40','41','42','43','44','45','10','51','52') AND `type` = 1 AND `status` = 1  [ RunTime:0.0058s ]
SQL: SHOW COLUMNS FROM `auth_rule` [ RunTime:0.0047s ]
SQL: SELECT * FROM `auth_rule`  [ RunTime:0.0050s ]
NOTIC: [8] Undefined index: name D:\AppServ\www\www\odcrm\Application\Home\Controller\IndexController.class.php 第 10 行.
INFO: [ view_parse ] --START--
INFO: [ template_filter ] --START--
INFO: Run Behavior\ContentReplaceBehavior [ RunTime:0.000053s ]
INFO: [ template_filter ] --END-- [ RunTime:0.000084s ]
INFO: Run Behavior\ParseTemplateBehavior [ RunTime:0.006817s ]
INFO: [ view_parse ] --END-- [ RunTime:0.006852s ]
INFO: [ view_filter ] --START--
INFO: Run Behavior\WriteHtmlCacheBehavior [ RunTime:0.000405s ]
INFO: [ view_filter ] --END-- [ RunTime:0.000429s ]
INFO: [ app_end ] --START--
INFO: Run Behavior\ShowPageTraceBehavior [ RunTime:0.000433s ]
INFO: [ app_end ] --END-- [ RunTime:0.000461s ]

[ 2018-08-20T20:27:04+08:00 ] ::1 /odcrm/index.php/Index/index.html
INFO: [ app_init ] --START--
INFO: Run Behavior\BuildLiteBehavior [ RunTime:0.000009s ]
INFO: [ app_init ] --END-- [ RunTime:0.000381s ]
INFO: [ app_begin ] --START--
INFO: Run Behavior\ReadHtmlCacheBehavior [ RunTime:0.000497s ]
INFO: [ app_begin ] --END-- [ RunTime:0.000530s ]
SQL: SHOW COLUMNS FROM `auth_group_access` [ RunTime:0.0050s ]
SQL: SELECT `uid`,`group_id`,`title`,`rules` FROM auth_group_access a INNER JOIN auth_group g on a.group_id=g.id  WHERE ( a.uid='1' and g.status='1' )  [ RunTime:0.0051s ]
SQL: SHOW COLUMNS FROM `auth_rule` [ RunTime:0.0052s ]
SQL: SELECT `condition`,`name` FROM `auth_rule` WHERE `id` IN ('1','15','46','47','48','49','50','2','11','12','13','14','3','16','17','18','4','19','20','21','5','22','23','24','25','26','27','28','29','30','31','32','6','33','34','7','35','8','36','37','38','39','53','54','9','40','41','42','43','44','45','10','51','52') AND `type` = 1 AND `status` = 1  [ RunTime:0.0081s ]
SQL: SHOW COLUMNS FROM `auth_rule` [ RunTime:0.0061s ]
SQL: SELECT * FROM `auth_rule`  [ RunTime:0.0053s ]
NOTIC: [8] Undefined index: name D:\AppServ\www\www\odcrm\Application\Home\Controller\IndexController.class.php 第 10 行.
INFO: [ view_parse ] --START--
INFO: [ template_filter ] --START--
INFO: Run Behavior\ContentReplaceBehavior [ RunTime:0.000064s ]
INFO: [ template_filter ] --END-- [ RunTime:0.000094s ]
INFO: Run Behavior\ParseTemplateBehavior [ RunTime:0.006153s ]
INFO: [ view_parse ] --END-- [ RunTime:0.006185s ]
INFO: [ view_filter ] --START--
INFO: Run Behavior\WriteHtmlCacheBehavior [ RunTime:0.000578s ]
INFO: [ view_filter ] --END-- [ RunTime:0.000602s ]
INFO: [ app_end ] --START--
INFO: Run Behavior\ShowPageTraceBehavior [ RunTime:0.000701s ]
INFO: [ app_end ] --END-- [ RunTime:0.000729s ]

[ 2018-08-20T20:28:31+08:00 ] ::1 /odcrm/index.php/Index/index.html
INFO: [ app_init ] --START--
INFO: Run Behavior\BuildLiteBehavior [ RunTime:0.000008s ]
INFO: [ app_init ] --END-- [ RunTime:0.000391s ]
INFO: [ app_begin ] --START--
INFO: Run Behavior\ReadHtmlCacheBehavior [ RunTime:0.000492s ]
INFO: [ app_begin ] --END-- [ RunTime:0.000525s ]
SQL: SHOW COLUMNS FROM `auth_group_access` [ RunTime:0.0053s ]
SQL: SELECT `uid`,`group_id`,`title`,`rules` FROM auth_group_access a INNER JOIN auth_group g on a.group_id=g.id  WHERE ( a.uid='1' and g.status='1' )  [ RunTime:0.0050s ]
SQL: SHOW COLUMNS FROM `auth_rule` [ RunTime:0.0060s ]
SQL: SELECT `condition`,`name` FROM `auth_rule` WHERE `id` IN ('1','15','46','47','48','49','50','2','11','12','13','14','3','16','17','18','4','19','20','21','5','22','23','24','25','26','27','28','29','30','31','32','6','33','34','7','35','8','36','37','38','39','53','54','9','40','41','42','43','44','45','10','51','52') AND `type` = 1 AND `status` = 1  [ RunTime:0.0055s ]
SQL: SHOW COLUMNS FROM `auth_rule` [ RunTime:0.0049s ]
SQL: SELECT * FROM `auth_rule`  [ RunTime:0.0051s ]
NOTIC: [8] Undefined index: name D:\AppServ\www\www\odcrm\Application\Home\Controller\IndexController.class.php 第 10 行.
INFO: [ view_parse ] --START--
INFO: [ template_filter ] --START--
INFO: Run Behavior\ContentReplaceBehavior [ RunTime:0.000055s ]
INFO: [ template_filter ] --END-- [ RunTime:0.000085s ]
INFO: Run Behavior\ParseTemplateBehavior [ RunTime:0.006412s ]
INFO: [ view_parse ] --END-- [ RunTime:0.006462s ]
INFO: [ view_filter ] --START--
INFO: Run Behavior\WriteHtmlCacheBehavior [ RunTime:0.000363s ]
INFO: [ view_filter ] --END-- [ RunTime:0.000389s ]
INFO: [ app_end ] --START--
INFO: Run Behavior\ShowPageTraceBehavior [ RunTime:0.000476s ]
INFO: [ app_end ] --END-- [ RunTime:0.000501s ]

[ 2018-08-20T20:29:05+08:00 ] ::1 /odcrm/index.php/Index/index.html
INFO: [ app_init ] --START--
INFO: Run Behavior\BuildLiteBehavior [ RunTime:0.000008s ]
INFO: [ app_init ] --END-- [ RunTime:0.000367s ]
INFO: [ app_begin ] --START--
INFO: Run Behavior\ReadHtmlCacheBehavior [ RunTime:0.000630s ]
INFO: [ app_begin ] --END-- [ RunTime:0.000666s ]
SQL: SHOW COLUMNS FROM `auth_group_access` [ RunTime:0.0050s ]
SQL: SELECT `uid`,`group_id`,`title`,`rules` FROM auth_group_access a INNER JOIN auth_group g on a.group_id=g.id  WHERE ( a.uid='1' and g.status='1' )  [ RunTime:0.0053s ]
SQL: SHOW COLUMNS FROM `auth_rule` [ RunTime:0.0055s ]
SQL: SELECT `condition`,`name` FROM `auth_rule` WHERE `id` IN ('1','15','46','47','48','49','50','2','11','12','13','14','3','16','17','18','4','19','20','21','5','22','23','24','25','26','27','28','29','30','31','32','6','33','34','7','35','8','36','37','38','39','53','54','9','40','41','42','43','44','45','10','51','52') AND `type` = 1 AND `status` = 1  [ RunTime:0.0057s ]
SQL: SHOW COLUMNS FROM `auth_rule` [ RunTime:0.0057s ]
SQL: SELECT * FROM `auth_rule`  [ RunTime:0.0056s ]
NOTIC: [8] Undefined index: name D:\AppServ\www\www\odcrm\Application\Home\Controller\IndexController.class.php 第 10 行.
INFO: [ view_parse ] --START--
INFO: [ template_filter ] --START--
INFO: Run Behavior\ContentReplaceBehavior [ RunTime:0.000055s ]
INFO: [ template_filter ] --END-- [ RunTime:0.000084s ]
INFO: Run Behavior\ParseTemplateBehavior [ RunTime:0.006338s ]
INFO: [ view_parse ] --END-- [ RunTime:0.006371s ]
INFO: [ view_filter ] --START--
INFO: Run Behavior\WriteHtmlCacheBehavior [ RunTime:0.000423s ]
INFO: [ view_filter ] --END-- [ RunTime:0.000447s ]
INFO: [ app_end ] --START--
INFO: Run Behavior\ShowPageTraceBehavior [ RunTime:0.000583s ]
INFO: [ app_end ] --END-- [ RunTime:0.000607s ]

[ 2018-08-20T20:31:48+08:00 ] ::1 /odcrm/index.php/Index/index.html
INFO: [ app_init ] --START--
INFO: Run Behavior\BuildLiteBehavior [ RunTime:0.000009s ]
INFO: [ app_init ] --END-- [ RunTime:0.000360s ]
INFO: [ app_begin ] --START--
INFO: Run Behavior\ReadHtmlCacheBehavior [ RunTime:0.000693s ]
INFO: [ app_begin ] --END-- [ RunTime:0.000745s ]
SQL: SHOW COLUMNS FROM `auth_group_access` [ RunTime:0.0055s ]
SQL: SELECT `uid`,`group_id`,`title`,`rules` FROM auth_group_access a INNER JOIN auth_group g on a.group_id=g.id  WHERE ( a.uid='1' and g.status='1' )  [ RunTime:0.0049s ]
SQL: SHOW COLUMNS FROM `auth_rule` [ RunTime:0.0053s ]
SQL: SELECT `condition`,`name` FROM `auth_rule` WHERE `id` IN ('1','15','46','47','48','49','50','2','11','12','13','14','3','16','17','18','4','19','20','21','5','22','23','24','25','26','27','28','29','30','31','32','6','33','34','7','35','8','36','37','38','39','53','54','9','40','41','42','43','44','45','10','51','52') AND `type` = 1 AND `status` = 1  [ RunTime:0.0056s ]
SQL: SHOW COLUMNS FROM `auth_rule` [ RunTime:0.0050s ]
SQL: SELECT * FROM `auth_rule`  [ RunTime:0.0053s ]
NOTIC: [8] Undefined index: name D:\AppServ\www\www\odcrm\Application\Home\Controller\IndexController.class.php 第 10 行.
INFO: [ view_parse ] --START--
INFO: [ template_filter ] --START--
INFO: Run Behavior\ContentReplaceBehavior [ RunTime:0.000054s ]
INFO: [ template_filter ] --END-- [ RunTime:0.000084s ]
INFO: Run Behavior\ParseTemplateBehavior [ RunTime:0.006913s ]
INFO: [ view_parse ] --END-- [ RunTime:0.006946s ]
INFO: [ view_filter ] --START--
INFO: Run Behavior\WriteHtmlCacheBehavior [ RunTime:0.000509s ]
INFO: [ view_filter ] --END-- [ RunTime:0.000534s ]
INFO: [ app_end ] --START--
INFO: Run Behavior\ShowPageTraceBehavior [ RunTime:0.000579s ]
INFO: [ app_end ] --END-- [ RunTime:0.000605s ]

[ 2018-08-20T20:32:06+08:00 ] ::1 /odcrm/index.php/Index/index.html
INFO: [ app_init ] --START--
INFO: Run Behavior\BuildLiteBehavior [ RunTime:0.000011s ]
INFO: [ app_init ] --END-- [ RunTime:0.000450s ]
INFO: [ app_begin ] --START--
INFO: Run Behavior\ReadHtmlCacheBehavior [ RunTime:0.000580s ]
INFO: [ app_begin ] --END-- [ RunTime:0.000616s ]
SQL: SHOW COLUMNS FROM `auth_group_access` [ RunTime:0.0048s ]
SQL: SELECT `uid`,`group_id`,`title`,`rules` FROM auth_group_access a INNER JOIN auth_group g on a.group_id=g.id  WHERE ( a.uid='1' and g.status='1' )  [ RunTime:0.0052s ]
SQL: SHOW COLUMNS FROM `auth_rule` [ RunTime:0.0054s ]
SQL: SELECT `condition`,`name` FROM `auth_rule` WHERE `id` IN ('1','15','46','47','48','49','50','2','11','12','13','14','3','16','17','18','4','19','20','21','5','22','23','24','25','26','27','28','29','30','31','32','6','33','34','7','35','8','36','37','38','39','53','54','9','40','41','42','43','44','45','10','51','52') AND `type` = 1 AND `status` = 1  [ RunTime:0.0057s ]
SQL: SHOW COLUMNS FROM `auth_rule` [ RunTime:0.0052s ]
SQL: SELECT * FROM `auth_rule`  [ RunTime:0.0042s ]
NOTIC: [8] Undefined index: name D:\AppServ\www\www\odcrm\Application\Home\Controller\IndexController.class.php 第 10 行.
INFO: [ view_parse ] --START--
INFO: [ template_filter ] --START--
INFO: Run Behavior\ContentReplaceBehavior [ RunTime:0.000052s ]
INFO: [ template_filter ] --END-- [ RunTime:0.000084s ]
INFO: Run Behavior\ParseTemplateBehavior [ RunTime:0.007449s ]
INFO: [ view_parse ] --END-- [ RunTime:0.007498s ]
INFO: [ view_filter ] --START--
INFO: Run Behavior\WriteHtmlCacheBehavior [ RunTime:0.000387s ]
INFO: [ view_filter ] --END-- [ RunTime:0.000411s ]
INFO: [ app_end ] --START--
INFO: Run Behavior\ShowPageTraceBehavior [ RunTime:0.000470s ]
INFO: [ app_end ] --END-- [ RunTime:0.000495s ]

[ 2018-08-20T20:32:27+08:00 ] ::1 /odcrm/index.php/Index/index.html
INFO: [ app_init ] --START--
INFO: Run Behavior\BuildLiteBehavior [ RunTime:0.000011s ]
INFO: [ app_init ] --END-- [ RunTime:0.000415s ]
INFO: [ app_begin ] --START--
INFO: Run Behavior\ReadHtmlCacheBehavior [ RunTime:0.000476s ]
INFO: [ app_begin ] --END-- [ RunTime:0.000516s ]
SQL: SHOW COLUMNS FROM `auth_group_access` [ RunTime:0.0049s ]
SQL: SELECT `uid`,`group_id`,`title`,`rules` FROM auth_group_access a INNER JOIN auth_group g on a.group_id=g.id  WHERE ( a.uid='1' and g.status='1' )  [ RunTime:0.0053s ]
SQL: SHOW COLUMNS FROM `auth_rule` [ RunTime:0.0048s ]
SQL: SELECT `condition`,`name` FROM `auth_rule` WHERE `id` IN ('1','15','46','47','48','49','50','2','11','12','13','14','3','16','17','18','4','19','20','21','5','22','23','24','25','26','27','28','29','30','31','32','6','33','34','7','35','8','36','37','38','39','53','54','9','40','41','42','43','44','45','10','51','52') AND `type` = 1 AND `status` = 1  [ RunTime:0.0053s ]
SQL: SHOW COLUMNS FROM `auth_rule` [ RunTime:0.0046s ]
SQL: SELECT * FROM `auth_rule`  [ RunTime:0.0054s ]
NOTIC: [8] Undefined index: name D:\AppServ\www\www\odcrm\Application\Home\Controller\IndexController.class.php 第 10 行.
INFO: [ view_parse ] --START--
INFO: [ template_filter ] --START--
INFO: Run Behavior\ContentReplaceBehavior [ RunTime:0.000057s ]
INFO: [ template_filter ] --END-- [ RunTime:0.000088s ]
INFO: Run Behavior\ParseTemplateBehavior [ RunTime:0.006598s ]
INFO: [ view_parse ] --END-- [ RunTime:0.006631s ]
INFO: [ view_filter ] --START--
INFO: Run Behavior\WriteHtmlCacheBehavior [ RunTime:0.000378s ]
INFO: [ view_filter ] --END-- [ RunTime:0.000403s ]
INFO: [ app_end ] --START--
INFO: Run Behavior\ShowPageTraceBehavior [ RunTime:0.000620s ]
INFO: [ app_end ] --END-- [ RunTime:0.000643s ]

[ 2018-08-20T20:32:39+08:00 ] ::1 /odcrm/index.php/Index/index.html
INFO: [ app_init ] --START--
INFO: Run Behavior\BuildLiteBehavior [ RunTime:0.000007s ]
INFO: [ app_init ] --END-- [ RunTime:0.000341s ]
INFO: [ app_begin ] --START--
INFO: Run Behavior\ReadHtmlCacheBehavior [ RunTime:0.000514s ]
INFO: [ app_begin ] --END-- [ RunTime:0.000585s ]
SQL: SHOW COLUMNS FROM `auth_group_access` [ RunTime:0.0052s ]
SQL: SELECT `uid`,`group_id`,`title`,`rules` FROM auth_group_access a INNER JOIN auth_group g on a.group_id=g.id  WHERE ( a.uid='1' and g.status='1' )  [ RunTime:0.0048s ]
SQL: SHOW COLUMNS FROM `auth_rule` [ RunTime:0.0050s ]
SQL: SELECT `condition`,`name` FROM `auth_rule` WHERE `id` IN ('1','15','46','47','48','49','50','2','11','12','13','14','3','16','17','18','4','19','20','21','5','22','23','24','25','26','27','28','29','30','31','32','6','33','34','7','35','8','36','37','38','39','53','54','9','40','41','42','43','44','45','10','51','52') AND `type` = 1 AND `status` = 1  [ RunTime:0.0055s ]
SQL: SHOW COLUMNS FROM `auth_rule` [ RunTime:0.0053s ]
SQL: SELECT * FROM `auth_rule`  [ RunTime:0.0050s ]
NOTIC: [8] Undefined index: name D:\AppServ\www\www\odcrm\Application\Home\Controller\IndexController.class.php 第 10 行.
INFO: [ view_parse ] --START--
INFO: [ template_filter ] --START--
INFO: Run Behavior\ContentReplaceBehavior [ RunTime:0.000068s ]
INFO: [ template_filter ] --END-- [ RunTime:0.000101s ]
INFO: Run Behavior\ParseTemplateBehavior [ RunTime:0.006743s ]
INFO: [ view_parse ] --END-- [ RunTime:0.006776s ]
INFO: [ view_filter ] --START--
INFO: Run Behavior\WriteHtmlCacheBehavior [ RunTime:0.000396s ]
INFO: [ view_filter ] --END-- [ RunTime:0.000418s ]
INFO: [ app_end ] --START--
INFO: Run Behavior\ShowPageTraceBehavior [ RunTime:0.000455s ]
INFO: [ app_end ] --END-- [ RunTime:0.000479s ]

[ 2018-08-20T20:33:05+08:00 ] ::1 /odcrm/index.php/Index/index.html
INFO: [ app_init ] --START--
INFO: Run Behavior\BuildLiteBehavior [ RunTime:0.000009s ]
INFO: [ app_init ] --END-- [ RunTime:0.000540s ]
INFO: [ app_begin ] --START--
INFO: Run Behavior\ReadHtmlCacheBehavior [ RunTime:0.000524s ]
INFO: [ app_begin ] --END-- [ RunTime:0.000561s ]
SQL: SHOW COLUMNS FROM `auth_group_access` [ RunTime:0.0053s ]
SQL: SELECT `uid`,`group_id`,`title`,`rules` FROM auth_group_access a INNER JOIN auth_group g on a.group_id=g.id  WHERE ( a.uid='1' and g.status='1' )  [ RunTime:0.0051s ]
SQL: SHOW COLUMNS FROM `auth_rule` [ RunTime:0.0053s ]
SQL: SELECT `condition`,`name` FROM `auth_rule` WHERE `id` IN ('1','15','46','47','48','49','50','2','11','12','13','14','3','16','17','18','4','19','20','21','5','22','23','24','25','26','27','28','29','30','31','32','6','33','34','7','35','8','36','37','38','39','53','54','9','40','41','42','43','44','45','10','51','52') AND `type` = 1 AND `status` = 1  [ RunTime:0.0052s ]
SQL: SHOW COLUMNS FROM `auth_rule` [ RunTime:0.0051s ]
SQL: SELECT * FROM `auth_rule`  [ RunTime:0.0059s ]
NOTIC: [8] Undefined index: name D:\AppServ\www\www\odcrm\Application\Home\Controller\IndexController.class.php 第 10 行.
INFO: [ view_parse ] --START--
INFO: [ template_filter ] --START--
INFO: Run Behavior\ContentReplaceBehavior [ RunTime:0.000056s ]
INFO: [ template_filter ] --END-- [ RunTime:0.000087s ]
INFO: Run Behavior\ParseTemplateBehavior [ RunTime:0.005826s ]
INFO: [ view_parse ] --END-- [ RunTime:0.005866s ]
INFO: [ view_filter ] --START--
INFO: Run Behavior\WriteHtmlCacheBehavior [ RunTime:0.000425s ]
INFO: [ view_filter ] --END-- [ RunTime:0.000451s ]
INFO: [ app_end ] --START--
INFO: Run Behavior\ShowPageTraceBehavior [ RunTime:0.000569s ]
INFO: [ app_end ] --END-- [ RunTime:0.000596s ]

[ 2018-08-20T20:34:11+08:00 ] ::1 /odcrm/index.php/Index/index.html
INFO: [ app_init ] --START--
INFO: Run Behavior\BuildLiteBehavior [ RunTime:0.000009s ]
INFO: [ app_init ] --END-- [ RunTime:0.000364s ]
INFO: [ app_begin ] --START--
INFO: Run Behavior\ReadHtmlCacheBehavior [ RunTime:0.000545s ]
INFO: [ app_begin ] --END-- [ RunTime:0.000579s ]
SQL: SHOW COLUMNS FROM `auth_group_access` [ RunTime:0.0051s ]
SQL: SELECT `uid`,`group_id`,`title`,`rules` FROM auth_group_access a INNER JOIN auth_group g on a.group_id=g.id  WHERE ( a.uid='1' and g.status='1' )  [ RunTime:0.0050s ]
SQL: SHOW COLUMNS FROM `auth_rule` [ RunTime:0.0052s ]
SQL: SELECT `condition`,`name` FROM `auth_rule` WHERE `id` IN ('1','15','46','47','48','49','50','2','11','12','13','14','3','16','17','18','4','19','20','21','5','22','23','24','25','26','27','28','29','30','31','32','6','33','34','7','35','8','36','37','38','39','53','54','9','40','41','42','43','44','45','10','51','52') AND `type` = 1 AND `status` = 1  [ RunTime:0.0055s ]
SQL: SHOW COLUMNS FROM `auth_rule` [ RunTime:0.0054s ]
SQL: SELECT * FROM `auth_rule`  [ RunTime:0.0048s ]
NOTIC: [8] Undefined index: name D:\AppServ\www\www\odcrm\Application\Home\Controller\IndexController.class.php 第 10 行.
INFO: [ view_parse ] --START--
INFO: [ template_filter ] --START--
INFO: Run Behavior\ContentReplaceBehavior [ RunTime:0.000058s ]
INFO: [ template_filter ] --END-- [ RunTime:0.000091s ]
INFO: Run Behavior\ParseTemplateBehavior [ RunTime:0.007424s ]
INFO: [ view_parse ] --END-- [ RunTime:0.007458s ]
INFO: [ view_filter ] --START--
INFO: Run Behavior\WriteHtmlCacheBehavior [ RunTime:0.000384s ]
INFO: [ view_filter ] --END-- [ RunTime:0.000409s ]
INFO: [ app_end ] --START--
INFO: Run Behavior\ShowPageTraceBehavior [ RunTime:0.000503s ]
INFO: [ app_end ] --END-- [ RunTime:0.000529s ]

[ 2018-08-20T20:34:25+08:00 ] ::1 /odcrm/index.php/Index/index.html
INFO: [ app_init ] --START--
INFO: Run Behavior\BuildLiteBehavior [ RunTime:0.000024s ]
INFO: [ app_init ] --END-- [ RunTime:0.000393s ]
INFO: [ app_begin ] --START--
INFO: Run Behavior\ReadHtmlCacheBehavior [ RunTime:0.000456s ]
INFO: [ app_begin ] --END-- [ RunTime:0.000489s ]
SQL: SHOW COLUMNS FROM `auth_group_access` [ RunTime:0.0056s ]
SQL: SELECT `uid`,`group_id`,`title`,`rules` FROM auth_group_access a INNER JOIN auth_group g on a.group_id=g.id  WHERE ( a.uid='1' and g.status='1' )  [ RunTime:0.0053s ]
SQL: SHOW COLUMNS FROM `auth_rule` [ RunTime:0.0055s ]
SQL: SELECT `condition`,`name` FROM `auth_rule` WHERE `id` IN ('1','15','46','47','48','49','50','2','11','12','13','14','3','16','17','18','4','19','20','21','5','22','23','24','25','26','27','28','29','30','31','32','6','33','34','7','35','8','36','37','38','39','53','54','9','40','41','42','43','44','45','10','51','52') AND `type` = 1 AND `status` = 1  [ RunTime:0.0058s ]
SQL: SHOW COLUMNS FROM `auth_rule` [ RunTime:0.0054s ]
SQL: SELECT * FROM `auth_rule`  [ RunTime:0.0053s ]
NOTIC: [8] Undefined index: name D:\AppServ\www\www\odcrm\Application\Home\Controller\IndexController.class.php 第 10 行.
INFO: [ view_parse ] --START--
INFO: [ template_filter ] --START--
INFO: Run Behavior\ContentReplaceBehavior [ RunTime:0.000055s ]
INFO: [ template_filter ] --END-- [ RunTime:0.000086s ]
INFO: Run Behavior\ParseTemplateBehavior [ RunTime:0.006337s ]
INFO: [ view_parse ] --END-- [ RunTime:0.006375s ]
INFO: [ view_filter ] --START--
INFO: Run Behavior\WriteHtmlCacheBehavior [ RunTime:0.000471s ]
INFO: [ view_filter ] --END-- [ RunTime:0.000499s ]
INFO: [ app_end ] --START--
INFO: Run Behavior\ShowPageTraceBehavior [ RunTime:0.000691s ]
INFO: [ app_end ] --END-- [ RunTime:0.000717s ]

[ 2018-08-20T20:34:35+08:00 ] ::1 /odcrm/index.php/Index/index.html
INFO: [ app_init ] --START--
INFO: Run Behavior\BuildLiteBehavior [ RunTime:0.000008s ]
INFO: [ app_init ] --END-- [ RunTime:0.000327s ]
INFO: [ app_begin ] --START--
INFO: Run Behavior\ReadHtmlCacheBehavior [ RunTime:0.000641s ]
INFO: [ app_begin ] --END-- [ RunTime:0.000727s ]
SQL: SHOW COLUMNS FROM `auth_group_access` [ RunTime:0.0051s ]
SQL: SELECT `uid`,`group_id`,`title`,`rules` FROM auth_group_access a INNER JOIN auth_group g on a.group_id=g.id  WHERE ( a.uid='1' and g.status='1' )  [ RunTime:0.0049s ]
SQL: SHOW COLUMNS FROM `auth_rule` [ RunTime:0.0049s ]
SQL: SELECT `condition`,`name` FROM `auth_rule` WHERE `id` IN ('1','15','46','47','48','49','50','2','11','12','13','14','3','16','17','18','4','19','20','21','5','22','23','24','25','26','27','28','29','30','31','32','6','33','34','7','35','8','36','37','38','39','53','54','9','40','41','42','43','44','45','10','51','52') AND `type` = 1 AND `status` = 1  [ RunTime:0.0057s ]
SQL: SHOW COLUMNS FROM `auth_rule` [ RunTime:0.0054s ]
SQL: SELECT * FROM `auth_rule`  [ RunTime:0.0051s ]
NOTIC: [8] Undefined index: name D:\AppServ\www\www\odcrm\Application\Home\Controller\IndexController.class.php 第 10 行.
INFO: [ view_parse ] --START--
INFO: [ template_filter ] --START--
INFO: Run Behavior\ContentReplaceBehavior [ RunTime:0.000073s ]
INFO: [ template_filter ] --END-- [ RunTime:0.000107s ]
INFO: Run Behavior\ParseTemplateBehavior [ RunTime:0.007810s ]
INFO: [ view_parse ] --END-- [ RunTime:0.007867s ]
INFO: [ view_filter ] --START--
INFO: Run Behavior\WriteHtmlCacheBehavior [ RunTime:0.000486s ]
INFO: [ view_filter ] --END-- [ RunTime:0.000530s ]
INFO: [ app_end ] --START--
INFO: Run Behavior\ShowPageTraceBehavior [ RunTime:0.000652s ]
INFO: [ app_end ] --END-- [ RunTime:0.000682s ]

[ 2018-08-20T20:39:10+08:00 ] ::1 /odcrm/index.php/Index/index.html
INFO: [ app_init ] --START--
INFO: Run Behavior\BuildLiteBehavior [ RunTime:0.000030s ]
INFO: [ app_init ] --END-- [ RunTime:0.000620s ]
INFO: [ app_begin ] --START--
INFO: Run Behavior\ReadHtmlCacheBehavior [ RunTime:0.001308s ]
INFO: [ app_begin ] --END-- [ RunTime:0.001401s ]
SQL: SHOW COLUMNS FROM `auth_group_access` [ RunTime:0.0050s ]
SQL: SELECT `uid`,`group_id`,`title`,`rules` FROM auth_group_access a INNER JOIN auth_group g on a.group_id=g.id  WHERE ( a.uid='1' and g.status='1' )  [ RunTime:0.0051s ]
SQL: SHOW COLUMNS FROM `auth_rule` [ RunTime:0.0066s ]
SQL: SELECT `condition`,`name` FROM `auth_rule` WHERE `id` IN ('1','15','46','47','48','49','50','2','11','12','13','14','3','16','17','18','4','19','20','21','5','22','23','24','25','26','27','28','29','30','31','32','6','33','34','7','35','8','36','37','38','39','53','54','9','40','41','42','43','44','45','10','51','52') AND `type` = 1 AND `status` = 1  [ RunTime:0.0049s ]
SQL: SHOW COLUMNS FROM `auth_rule` [ RunTime:0.0053s ]
SQL: SELECT * FROM `auth_rule`  [ RunTime:0.0049s ]
NOTIC: [8] Undefined index: name D:\AppServ\www\www\odcrm\Application\Home\Controller\IndexController.class.php 第 10 行.
INFO: [ view_parse ] --START--
INFO: [ template_filter ] --START--
INFO: Run Behavior\ContentReplaceBehavior [ RunTime:0.000060s ]
INFO: [ template_filter ] --END-- [ RunTime:0.000089s ]
INFO: Run Behavior\ParseTemplateBehavior [ RunTime:0.006392s ]
INFO: [ view_parse ] --END-- [ RunTime:0.006425s ]
INFO: [ view_filter ] --START--
INFO: Run Behavior\WriteHtmlCacheBehavior [ RunTime:0.000385s ]
INFO: [ view_filter ] --END-- [ RunTime:0.000419s ]
INFO: [ app_end ] --START--
INFO: Run Behavior\ShowPageTraceBehavior [ RunTime:0.000576s ]
INFO: [ app_end ] --END-- [ RunTime:0.000602s ]

[ 2018-08-20T20:40:18+08:00 ] ::1 /odcrm/index.php/Index/index.html
INFO: [ app_init ] --START--
INFO: Run Behavior\BuildLiteBehavior [ RunTime:0.000008s ]
INFO: [ app_init ] --END-- [ RunTime:0.000361s ]
INFO: [ app_begin ] --START--
INFO: Run Behavior\ReadHtmlCacheBehavior [ RunTime:0.000420s ]
INFO: [ app_begin ] --END-- [ RunTime:0.000455s ]
SQL: SHOW COLUMNS FROM `auth_group_access` [ RunTime:0.0057s ]
SQL: SELECT `uid`,`group_id`,`title`,`rules` FROM auth_group_access a INNER JOIN auth_group g on a.group_id=g.id  WHERE ( a.uid='1' and g.status='1' )  [ RunTime:0.0049s ]
SQL: SHOW COLUMNS FROM `auth_rule` [ RunTime:0.0053s ]
SQL: SELECT `condition`,`name` FROM `auth_rule` WHERE `id` IN ('1','15','46','47','48','49','50','2','11','12','13','14','3','16','17','18','4','19','20','21','5','22','23','24','25','26','27','28','29','30','31','32','6','33','34','7','35','8','36','37','38','39','53','54','9','40','41','42','43','44','45','10','51','52') AND `type` = 1 AND `status` = 1  [ RunTime:0.0053s ]
SQL: SHOW COLUMNS FROM `auth_rule` [ RunTime:0.0047s ]
SQL: SELECT * FROM `auth_rule`  [ RunTime:0.0054s ]
NOTIC: [8] Undefined index: name D:\AppServ\www\www\odcrm\Application\Home\Controller\IndexController.class.php 第 10 行.
INFO: [ view_parse ] --START--
INFO: [ template_filter ] --START--
INFO: Run Behavior\ContentReplaceBehavior [ RunTime:0.000059s ]
INFO: [ template_filter ] --END-- [ RunTime:0.000093s ]
INFO: Run Behavior\ParseTemplateBehavior [ RunTime:0.005853s ]
INFO: [ view_parse ] --END-- [ RunTime:0.005887s ]
INFO: [ view_filter ] --START--
INFO: Run Behavior\WriteHtmlCacheBehavior [ RunTime:0.000402s ]
INFO: [ view_filter ] --END-- [ RunTime:0.000427s ]
INFO: [ app_end ] --START--
INFO: Run Behavior\ShowPageTraceBehavior [ RunTime:0.000491s ]
INFO: [ app_end ] --END-- [ RunTime:0.000516s ]

[ 2018-08-20T20:42:40+08:00 ] ::1 /odcrm/index.php/Index/index.html
INFO: [ app_init ] --START--
INFO: Run Behavior\BuildLiteBehavior [ RunTime:0.000008s ]
INFO: [ app_init ] --END-- [ RunTime:0.000431s ]
INFO: [ app_begin ] --START--
INFO: Run Behavior\ReadHtmlCacheBehavior [ RunTime:0.000646s ]
INFO: [ app_begin ] --END-- [ RunTime:0.000682s ]
SQL: SHOW COLUMNS FROM `auth_group_access` [ RunTime:0.0050s ]
SQL: SELECT `uid`,`group_id`,`title`,`rules` FROM auth_group_access a INNER JOIN auth_group g on a.group_id=g.id  WHERE ( a.uid='1' and g.status='1' )  [ RunTime:0.0052s ]
SQL: SHOW COLUMNS FROM `auth_rule` [ RunTime:0.0056s ]
SQL: SELECT `condition`,`name` FROM `auth_rule` WHERE `id` IN ('1','15','46','47','48','49','50','2','11','12','13','14','3','16','17','18','4','19','20','21','5','22','23','24','25','26','27','28','29','30','31','32','6','33','34','7','35','8','36','37','38','39','53','54','9','40','41','42','43','44','45','10','51','52') AND `type` = 1 AND `status` = 1  [ RunTime:0.0051s ]
SQL: SHOW COLUMNS FROM `auth_rule` [ RunTime:0.0047s ]
SQL: SELECT * FROM `auth_rule`  [ RunTime:0.0057s ]
NOTIC: [8] Undefined index: name D:\AppServ\www\www\odcrm\Application\Home\Controller\IndexController.class.php 第 10 行.
INFO: [ view_parse ] --START--
INFO: [ template_filter ] --START--
INFO: Run Behavior\ContentReplaceBehavior [ RunTime:0.000056s ]
INFO: [ template_filter ] --END-- [ RunTime:0.000083s ]
INFO: Run Behavior\ParseTemplateBehavior [ RunTime:0.006699s ]
INFO: [ view_parse ] --END-- [ RunTime:0.006730s ]
INFO: [ view_filter ] --START--
INFO: Run Behavior\WriteHtmlCacheBehavior [ RunTime:0.000438s ]
INFO: [ view_filter ] --END-- [ RunTime:0.000462s ]
INFO: [ app_end ] --START--
INFO: Run Behavior\ShowPageTraceBehavior [ RunTime:0.000534s ]
INFO: [ app_end ] --END-- [ RunTime:0.000558s ]

[ 2018-08-20T20:42:48+08:00 ] ::1 /odcrm/index.php/Index/index.html
INFO: [ app_init ] --START--
INFO: Run Behavior\BuildLiteBehavior [ RunTime:0.000009s ]
INFO: [ app_init ] --END-- [ RunTime:0.000326s ]
INFO: [ app_begin ] --START--
INFO: Run Behavior\ReadHtmlCacheBehavior [ RunTime:0.000444s ]
INFO: [ app_begin ] --END-- [ RunTime:0.000476s ]
SQL: SHOW COLUMNS FROM `auth_group_access` [ RunTime:0.0053s ]
SQL: SELECT `uid`,`group_id`,`title`,`rules` FROM auth_group_access a INNER JOIN auth_group g on a.group_id=g.id  WHERE ( a.uid='1' and g.status='1' )  [ RunTime:0.0051s ]
SQL: SHOW COLUMNS FROM `auth_rule` [ RunTime:0.0050s ]
SQL: SELECT `condition`,`name` FROM `auth_rule` WHERE `id` IN ('1','15','46','47','48','49','50','2','11','12','13','14','3','16','17','18','4','19','20','21','5','22','23','24','25','26','27','28','29','30','31','32','6','33','34','7','35','8','36','37','38','39','53','54','9','40','41','42','43','44','45','10','51','52') AND `type` = 1 AND `status` = 1  [ RunTime:0.0055s ]
SQL: SHOW COLUMNS FROM `auth_rule` [ RunTime:0.0047s ]
SQL: SELECT * FROM `auth_rule`  [ RunTime:0.0053s ]
NOTIC: [8] Undefined index: name D:\AppServ\www\www\odcrm\Application\Home\Controller\IndexController.class.php 第 10 行.
INFO: [ view_parse ] --START--
INFO: [ template_filter ] --START--
INFO: Run Behavior\ContentReplaceBehavior [ RunTime:0.000057s ]
INFO: [ template_filter ] --END-- [ RunTime:0.000086s ]
INFO: Run Behavior\ParseTemplateBehavior [ RunTime:0.006087s ]
INFO: [ view_parse ] --END-- [ RunTime:0.006118s ]
INFO: [ view_filter ] --START--
INFO: Run Behavior\WriteHtmlCacheBehavior [ RunTime:0.000412s ]
INFO: [ view_filter ] --END-- [ RunTime:0.000436s ]
INFO: [ app_end ] --START--
INFO: Run Behavior\ShowPageTraceBehavior [ RunTime:0.000526s ]
INFO: [ app_end ] --END-- [ RunTime:0.000550s ]

[ 2018-08-20T20:43:57+08:00 ] ::1 /odcrm/index.php/Index/index.html
INFO: [ app_init ] --START--
INFO: Run Behavior\BuildLiteBehavior [ RunTime:0.000008s ]
INFO: [ app_init ] --END-- [ RunTime:0.000407s ]
INFO: [ app_begin ] --START--
INFO: Run Behavior\ReadHtmlCacheBehavior [ RunTime:0.000472s ]
INFO: [ app_begin ] --END-- [ RunTime:0.000506s ]
SQL: SHOW COLUMNS FROM `auth_group_access` [ RunTime:0.0052s ]
SQL: SELECT `uid`,`group_id`,`title`,`rules` FROM auth_group_access a INNER JOIN auth_group g on a.group_id=g.id  WHERE ( a.uid='1' and g.status='1' )  [ RunTime:0.0047s ]
SQL: SHOW COLUMNS FROM `auth_rule` [ RunTime:0.0052s ]
SQL: SELECT `condition`,`name` FROM `auth_rule` WHERE `id` IN ('1','15','46','47','48','49','50','2','11','12','13','14','3','16','17','18','4','19','20','21','5','22','23','24','25','26','27','28','29','30','31','32','6','33','34','7','35','8','36','37','38','39','53','54','9','40','41','42','43','44','45','10','51','52') AND `type` = 1 AND `status` = 1  [ RunTime:0.0054s ]
SQL: SHOW COLUMNS FROM `auth_rule` [ RunTime:0.0045s ]
SQL: SELECT * FROM `auth_rule`  [ RunTime:0.0052s ]
NOTIC: [8] Undefined index: name D:\AppServ\www\www\odcrm\Application\Home\Controller\IndexController.class.php 第 10 行.
INFO: [ view_parse ] --START--
INFO: [ template_filter ] --START--
INFO: Run Behavior\ContentReplaceBehavior [ RunTime:0.000062s ]
INFO: [ template_filter ] --END-- [ RunTime:0.000093s ]
INFO: Run Behavior\ParseTemplateBehavior [ RunTime:0.006624s ]
INFO: [ view_parse ] --END-- [ RunTime:0.006657s ]
INFO: [ view_filter ] --START--
INFO: Run Behavior\WriteHtmlCacheBehavior [ RunTime:0.000394s ]
INFO: [ view_filter ] --END-- [ RunTime:0.000419s ]
INFO: [ app_end ] --START--
INFO: Run Behavior\ShowPageTraceBehavior [ RunTime:0.000649s ]
INFO: [ app_end ] --END-- [ RunTime:0.000711s ]

[ 2018-08-20T20:45:30+08:00 ] ::1 /odcrm/index.php/Index/index.html
INFO: [ app_init ] --START--
INFO: Run Behavior\BuildLiteBehavior [ RunTime:0.000040s ]
INFO: [ app_init ] --END-- [ RunTime:0.000591s ]
INFO: [ app_begin ] --START--
INFO: Run Behavior\ReadHtmlCacheBehavior [ RunTime:0.000864s ]
INFO: [ app_begin ] --END-- [ RunTime:0.000930s ]
SQL: SHOW COLUMNS FROM `auth_group_access` [ RunTime:0.0053s ]
SQL: SELECT `uid`,`group_id`,`title`,`rules` FROM auth_group_access a INNER JOIN auth_group g on a.group_id=g.id  WHERE ( a.uid='1' and g.status='1' )  [ RunTime:0.0051s ]
SQL: SHOW COLUMNS FROM `auth_rule` [ RunTime:0.0052s ]
SQL: SELECT `condition`,`name` FROM `auth_rule` WHERE `id` IN ('1','15','46','47','48','49','50','2','11','12','13','14','3','16','17','18','4','19','20','21','5','22','23','24','25','26','27','28','29','30','31','32','6','33','34','7','35','8','36','37','38','39','53','54','9','40','41','42','43','44','45','10','51','52') AND `type` = 1 AND `status` = 1  [ RunTime:0.0058s ]
SQL: SHOW COLUMNS FROM `auth_rule` [ RunTime:0.0045s ]
SQL: SELECT * FROM `auth_rule`  [ RunTime:0.0057s ]
NOTIC: [8] Undefined index: name D:\AppServ\www\www\odcrm\Application\Home\Controller\IndexController.class.php 第 10 行.
INFO: [ view_parse ] --START--
INFO: [ template_filter ] --START--
INFO: Run Behavior\ContentReplaceBehavior [ RunTime:0.000071s ]
INFO: [ template_filter ] --END-- [ RunTime:0.000115s ]
INFO: Run Behavior\ParseTemplateBehavior [ RunTime:0.006982s ]
INFO: [ view_parse ] --END-- [ RunTime:0.007016s ]
INFO: [ view_filter ] --START--
INFO: Run Behavior\WriteHtmlCacheBehavior [ RunTime:0.000455s ]
INFO: [ view_filter ] --END-- [ RunTime:0.000479s ]
INFO: [ app_end ] --START--
INFO: Run Behavior\ShowPageTraceBehavior [ RunTime:0.000455s ]
INFO: [ app_end ] --END-- [ RunTime:0.000480s ]

[ 2018-08-20T20:46:03+08:00 ] ::1 /odcrm/index.php/Index/index.html
INFO: [ app_init ] --START--
INFO: Run Behavior\BuildLiteBehavior [ RunTime:0.000010s ]
INFO: [ app_init ] --END-- [ RunTime:0.000366s ]
INFO: [ app_begin ] --START--
INFO: Run Behavior\ReadHtmlCacheBehavior [ RunTime:0.000526s ]
INFO: [ app_begin ] --END-- [ RunTime:0.000561s ]
SQL: SHOW COLUMNS FROM `auth_group_access` [ RunTime:0.0051s ]
SQL: SELECT `uid`,`group_id`,`title`,`rules` FROM auth_group_access a INNER JOIN auth_group g on a.group_id=g.id  WHERE ( a.uid='1' and g.status='1' )  [ RunTime:0.0053s ]
SQL: SHOW COLUMNS FROM `auth_rule` [ RunTime:0.0057s ]
SQL: SELECT `condition`,`name` FROM `auth_rule` WHERE `id` IN ('1','15','46','47','48','49','50','2','11','12','13','14','3','16','17','18','4','19','20','21','5','22','23','24','25','26','27','28','29','30','31','32','6','33','34','7','35','8','36','37','38','39','53','54','9','40','41','42','43','44','45','10','51','52') AND `type` = 1 AND `status` = 1  [ RunTime:0.0058s ]
SQL: SHOW COLUMNS FROM `auth_rule` [ RunTime:0.0052s ]
SQL: SELECT * FROM `auth_rule`  [ RunTime:0.0054s ]
NOTIC: [8] Undefined index: name D:\AppServ\www\www\odcrm\Application\Home\Controller\IndexController.class.php 第 10 行.
INFO: [ view_parse ] --START--
INFO: [ template_filter ] --START--
INFO: Run Behavior\ContentReplaceBehavior [ RunTime:0.000060s ]
INFO: [ template_filter ] --END-- [ RunTime:0.000090s ]
INFO: Run Behavior\ParseTemplateBehavior [ RunTime:0.008377s ]
INFO: [ view_parse ] --END-- [ RunTime:0.008407s ]
INFO: [ view_filter ] --START--
INFO: Run Behavior\WriteHtmlCacheBehavior [ RunTime:0.000371s ]
INFO: [ view_filter ] --END-- [ RunTime:0.000395s ]
INFO: [ app_end ] --START--
INFO: Run Behavior\ShowPageTraceBehavior [ RunTime:0.000514s ]
INFO: [ app_end ] --END-- [ RunTime:0.000557s ]

[ 2018-08-20T20:46:16+08:00 ] ::1 /odcrm/index.php/Index/index.html
INFO: [ app_init ] --START--
INFO: Run Behavior\BuildLiteBehavior [ RunTime:0.000010s ]
INFO: [ app_init ] --END-- [ RunTime:0.000473s ]
INFO: [ app_begin ] --START--
INFO: Run Behavior\ReadHtmlCacheBehavior [ RunTime:0.000471s ]
INFO: [ app_begin ] --END-- [ RunTime:0.000512s ]
SQL: SHOW COLUMNS FROM `auth_group_access` [ RunTime:0.0050s ]
SQL: SELECT `uid`,`group_id`,`title`,`rules` FROM auth_group_access a INNER JOIN auth_group g on a.group_id=g.id  WHERE ( a.uid='1' and g.status='1' )  [ RunTime:0.0047s ]
SQL: SHOW COLUMNS FROM `auth_rule` [ RunTime:0.0054s ]
SQL: SELECT `condition`,`name` FROM `auth_rule` WHERE `id` IN ('1','15','46','47','48','49','50','2','11','12','13','14','3','16','17','18','4','19','20','21','5','22','23','24','25','26','27','28','29','30','31','32','6','33','34','7','35','8','36','37','38','39','53','54','9','40','41','42','43','44','45','10','51','52') AND `type` = 1 AND `status` = 1  [ RunTime:0.0044s ]
SQL: SHOW COLUMNS FROM `auth_rule` [ RunTime:0.0047s ]
SQL: SELECT * FROM `auth_rule`  [ RunTime:0.0053s ]
NOTIC: [8] Undefined index: name D:\AppServ\www\www\odcrm\Application\Home\Controller\IndexController.class.php 第 10 行.
INFO: [ view_parse ] --START--
INFO: [ template_filter ] --START--
INFO: Run Behavior\ContentReplaceBehavior [ RunTime:0.000055s ]
INFO: [ template_filter ] --END-- [ RunTime:0.000083s ]
INFO: Run Behavior\ParseTemplateBehavior [ RunTime:0.006236s ]
INFO: [ view_parse ] --END-- [ RunTime:0.006268s ]
INFO: [ view_filter ] --START--
INFO: Run Behavior\WriteHtmlCacheBehavior [ RunTime:0.000396s ]
INFO: [ view_filter ] --END-- [ RunTime:0.000420s ]
INFO: [ app_end ] --START--
INFO: Run Behavior\ShowPageTraceBehavior [ RunTime:0.000542s ]
INFO: [ app_end ] --END-- [ RunTime:0.000567s ]

[ 2018-08-20T20:47:58+08:00 ] ::1 /odcrm/index.php/Index/index.html
INFO: [ app_init ] --START--
INFO: Run Behavior\BuildLiteBehavior [ RunTime:0.000011s ]
INFO: [ app_init ] --END-- [ RunTime:0.000507s ]
INFO: [ app_begin ] --START--
INFO: Run Behavior\ReadHtmlCacheBehavior [ RunTime:0.000616s ]
INFO: [ app_begin ] --END-- [ RunTime:0.000657s ]
SQL: SHOW COLUMNS FROM `auth_group_access` [ RunTime:0.0056s ]
SQL: SELECT `uid`,`group_id`,`title`,`rules` FROM auth_group_access a INNER JOIN auth_group g on a.group_id=g.id  WHERE ( a.uid='1' and g.status='1' )  [ RunTime:0.0044s ]
SQL: SHOW COLUMNS FROM `auth_rule` [ RunTime:0.0055s ]
SQL: SELECT `condition`,`name` FROM `auth_rule` WHERE `id` IN ('1','15','46','47','48','49','50','2','11','12','13','14','3','16','17','18','4','19','20','21','5','22','23','24','25','26','27','28','29','30','31','32','6','33','34','7','35','8','36','37','38','39','53','54','9','40','41','42','43','44','45','10','51','52') AND `type` = 1 AND `status` = 1  [ RunTime:0.0059s ]
SQL: SHOW COLUMNS FROM `auth_rule` [ RunTime:0.0049s ]
SQL: SELECT * FROM `auth_rule`  [ RunTime:0.0054s ]
NOTIC: [8] Undefined index: name D:\AppServ\www\www\odcrm\Application\Home\Controller\IndexController.class.php 第 10 行.
INFO: [ view_parse ] --START--
INFO: [ template_filter ] --START--
INFO: Run Behavior\ContentReplaceBehavior [ RunTime:0.000056s ]
INFO: [ template_filter ] --END-- [ RunTime:0.000085s ]
INFO: Run Behavior\ParseTemplateBehavior [ RunTime:0.006743s ]
INFO: [ view_parse ] --END-- [ RunTime:0.006792s ]
INFO: [ view_filter ] --START--
INFO: Run Behavior\WriteHtmlCacheBehavior [ RunTime:0.000448s ]
INFO: [ view_filter ] --END-- [ RunTime:0.000472s ]
INFO: [ app_end ] --START--
INFO: Run Behavior\ShowPageTraceBehavior [ RunTime:0.000524s ]
INFO: [ app_end ] --END-- [ RunTime:0.000548s ]

[ 2018-08-20T20:48:15+08:00 ] ::1 /odcrm/index.php/Index/index.html
INFO: [ app_init ] --START--
INFO: Run Behavior\BuildLiteBehavior [ RunTime:0.000008s ]
INFO: [ app_init ] --END-- [ RunTime:0.000307s ]
INFO: [ app_begin ] --START--
INFO: Run Behavior\ReadHtmlCacheBehavior [ RunTime:0.000694s ]
INFO: [ app_begin ] --END-- [ RunTime:0.000732s ]
SQL: SHOW COLUMNS FROM `auth_group_access` [ RunTime:0.0051s ]
SQL: SELECT `uid`,`group_id`,`title`,`rules` FROM auth_group_access a INNER JOIN auth_group g on a.group_id=g.id  WHERE ( a.uid='1' and g.status='1' )  [ RunTime:0.0047s ]
SQL: SHOW COLUMNS FROM `auth_rule` [ RunTime:0.0058s ]
SQL: SELECT `condition`,`name` FROM `auth_rule` WHERE `id` IN ('1','15','46','47','48','49','50','2','11','12','13','14','3','16','17','18','4','19','20','21','5','22','23','24','25','26','27','28','29','30','31','32','6','33','34','7','35','8','36','37','38','39','53','54','9','40','41','42','43','44','45','10','51','52') AND `type` = 1 AND `status` = 1  [ RunTime:0.0057s ]
SQL: SHOW COLUMNS FROM `auth_rule` [ RunTime:0.0044s ]
SQL: SELECT * FROM `auth_rule`  [ RunTime:0.0049s ]
NOTIC: [8] Undefined index: name D:\AppServ\www\www\odcrm\Application\Home\Controller\IndexController.class.php 第 10 行.
INFO: [ view_parse ] --START--
INFO: [ template_filter ] --START--
INFO: Run Behavior\ContentReplaceBehavior [ RunTime:0.000062s ]
INFO: [ template_filter ] --END-- [ RunTime:0.000092s ]
INFO: Run Behavior\ParseTemplateBehavior [ RunTime:0.006501s ]
INFO: [ view_parse ] --END-- [ RunTime:0.006533s ]
INFO: [ view_filter ] --START--
INFO: Run Behavior\WriteHtmlCacheBehavior [ RunTime:0.000449s ]
INFO: [ view_filter ] --END-- [ RunTime:0.000475s ]
INFO: [ app_end ] --START--
INFO: Run Behavior\ShowPageTraceBehavior [ RunTime:0.000559s ]
INFO: [ app_end ] --END-- [ RunTime:0.000583s ]

